<?xml version="1.0" encoding="UTF-8"?>
<!-- Generated by org.testng.reporters.JUnitXMLReporter -->
<testsuite ignored="0" hostname="HP" failures="0" tests="1" name="TestBlcok1" time="23.501" errors="0" timestamp="2023-05-16T09:00:20 IST">
  <testcase classname="com.BaseClass.Ex.BaseClass" name="@BeforeTest openBrowser" time="0.073">
    <failure type="java.lang.IllegalStateException" message="The driver executable does not exist: D:\slenium\Automation1\.\driver\grckodriver.exe">
      <![CDATA[java.lang.IllegalStateException: The driver executable does not exist: D:\slenium\Automation1\.\driver\grckodriver.exe
at com.google.common.base.Preconditions.checkState(Preconditions.java:585)
at org.openqa.selenium.remote.service.DriverService.checkExecutable(DriverService.java:146)
at org.openqa.selenium.remote.service.DriverService.findExecutable(DriverService.java:141)
at org.openqa.selenium.firefox.GeckoDriverService.access$100(GeckoDriverService.java:44)
at org.openqa.selenium.firefox.GeckoDriverService$Builder.findDefaultExecutable(GeckoDriverService.java:167)
at org.openqa.selenium.remote.service.DriverService$Builder.build(DriverService.java:355)
at org.openqa.selenium.firefox.FirefoxDriver.toExecutor(FirefoxDriver.java:190)
at org.openqa.selenium.firefox.FirefoxDriver.<init>(FirefoxDriver.java:147)
at org.openqa.selenium.firefox.FirefoxDriver.<init>(FirefoxDriver.java:125)
at com.BaseClass.Ex.BaseClass.openBrowser(BaseClass.java:36)
at java.base/java.util.concurrent.FutureTask.run(FutureTask.java:264)
at java.base/java.util.concurrent.ThreadPoolExecutor.runWorker(ThreadPoolExecutor.java:1136)
at java.base/java.util.concurrent.ThreadPoolExecutor$Worker.run(ThreadPoolExecutor.java:635)
at java.base/java.lang.Thread.run(Thread.java:833)
... Removed 13 stack frames]]>
    </failure>
  </testcase> <!-- @BeforeTest openBrowser -->
  <testcase classname="com.BaseClass.Ex.BaseClass" name="@BeforeMethod login" time="-1.684207797537E9">
    <skipped/>
  </testcase> <!-- @BeforeMethod login -->
  <testcase classname="com.BaseClass.Ex.BaseClass" name="@AfterMethod logOut" time="-1.68420779754E9">
    <skipped/>
  </testcase> <!-- @AfterMethod logOut -->
  <testcase classname="com.BaseClass.Ex.BaseClass" name="@AfterTest closeBrowser" time="-1.684207797545E9">
    <skipped/>
  </testcase> <!-- @AfterTest closeBrowser -->
  <testcase classname="com.actitime.testscript1.CustomerModule" name="createCustomer" time="0.003"/>
</testsuite> <!-- TestBlcok1 -->
